<?xml version="1.0" encoding="UTF-8"?>
<!-- Generated by org.testng.reporters.JUnitReportReporter -->
<testsuite skipped="0" hostname="Jaafoul-PC" name="ResTfulSpringBootApplicationTests" tests="2" failures="0" timestamp="09 oct. 2019 19:44:53 GMT" time="0.790" errors="0">
  <testcase name="test_change_adresse" time="0.513" classname="ResTfulSpringBootApplicationTests"/>
  <testcase name="test_get_last_adresse_audit" time="0.277" classname="ResTfulSpringBootApplicationTests"/>
</testsuite> <!-- ResTfulSpringBootApplicationTests -->
